app.js:271 === updateTodayProduct Debug ===
app.js:272 Today date: 2025-09-13
app.js:273 Products: (12) ['1', '2', '3', '4', '5', '6', '77', '888', '001', '002', '885', '445']
app.js:274 Weekly plan: {}
app.js:275 Has manual for today: false
app.js:276 Manual product for today: undefined
app.js:296 Using automatic product: 002 index: 9
app.js:299 Final product for today: 002
app.js:300 ===============================
index.html:247 SW registration failed:  TypeError: Failed to register a ServiceWorker: The URL protocol of the current origin ('null') is not supported.
    at index.html:242:41
app.js:590 === updateWeeklyPlanner Debug ===
app.js:591 Today: 2025-09-13
app.js:592 Week start: 2025-09-07
app.js:593 Week end: 2025-09-13
app.js:625 Weekly planner - Date: 2025-09-07, Index: 3, Product: 4
app.js:625 Weekly planner - Date: 2025-09-08, Index: 4, Product: 5
app.js:625 Weekly planner - Date: 2025-09-09, Index: 5, Product: 6
app.js:625 Weekly planner - Date: 2025-09-10, Index: 6, Product: 77
app.js:625 Weekly planner - Date: 2025-09-11, Index: 7, Product: 888
app.js:625 Weekly planner - Date: 2025-09-12, Index: 8, Product: 001
app.js:625 Weekly planner - Date: 2025-09-13, Index: 9, Product: 002
app.js:271 === updateTodayProduct Debug ===
app.js:272 Today date: 2025-09-13
app.js:273 Products: (12) ['1', '2', '3', '4', '5', '6', '77', '888', '001', '002', '885', '445']
app.js:274 Weekly plan: {}
app.js:275 Has manual for today: false
app.js:276 Manual product for today: undefined
app.js:296 Using automatic product: 002 index: 9
app.js:299 Final product for today: 002
app.js:300 ===============================
